PersonalAccountService/app/build/intermediates/manifest_merge_blame_file/debug/manifest-merger-blame-debug-report.txt
1<?xml version="1.0" encoding="utf-8"?>
2<manifest xmlns:android="http://schemas.android.com/apk/res/android"
3    package="com.training.personalaccountservice"
4    android:versionCode="1"
5    android:versionName="1.0" >
6
7    <uses-sdk
8        android:minSdkVersion="26"
8-->src/main/AndroidManifest.xml
9        android:targetSdkVersion="31" />
9-->src/main/AndroidManifest.xml
10
11    <application
11-->src/main/AndroidManifest.xml:5:5-23:19
12        android:allowBackup="true"
12-->src/main/AndroidManifest.xml:6:9-35
13        android:appComponentFactory="androidx.core.app.CoreComponentFactory"
13-->[androidx.core:core:1.7.0] AndroidManifest.xml:24:18-86
14        android:debuggable="true"
15        android:extractNativeLibs="false"
16        android:icon="@mipmap/ic_launcher"
16-->src/main/AndroidManifest.xml:7:9-43
17        android:label="@string/app_name"
17-->src/main/AndroidManifest.xml:8:9-41
18        android:roundIcon="@mipmap/ic_launcher_round"
18-->src/main/AndroidManifest.xml:9:9-54
19        android:supportsRtl="true"
19-->src/main/AndroidManifest.xml:10:9-35
20        android:testOnly="true"
21        android:theme="@style/Theme.PersonalAccountService" >
21-->src/main/AndroidManifest.xml:11:9-60
22        <service
22-->src/main/AndroidManifest.xml:12:9-17:19
23            android:name="com.training.personalaccountservice.PAService"
23-->src/main/AndroidManifest.xml:13:13-38
24            android:enabled="true"
24-->src/main/AndroidManifest.xml:14:13-35
25            android:exported="true" >
25-->src/main/AndroidManifest.xml:15:13-36
26        </service>
27
28        <provider
28-->src/main/AndroidManifest.xml:18:9-22:38
29            android:name="com.training.personalaccountservice.PASettingsProvider"
29-->src/main/AndroidManifest.xml:20:13-47
30            android:authorities="com.training.personalaccountservice"
30-->src/main/AndroidManifest.xml:19:13-70
31            android:enabled="true"
31-->src/main/AndroidManifest.xml:21:13-35
32            android:exported="true" />
32-->src/main/AndroidManifest.xml:22:13-36
33        <provider
33-->[androidx.emoji2:emoji2:1.0.0] AndroidManifest.xml:26:9-34:20
34            android:name="androidx.startup.InitializationProvider"
34-->[androidx.emoji2:emoji2:1.0.0] AndroidManifest.xml:27:13-67
35            android:authorities="com.training.personalaccountservice.androidx-startup"
35-->[androidx.emoji2:emoji2:1.0.0] AndroidManifest.xml:28:13-68
36            android:exported="false" >
36-->[androidx.emoji2:emoji2:1.0.0] AndroidManifest.xml:29:13-37
37            <meta-data
37-->[androidx.emoji2:emoji2:1.0.0] AndroidManifest.xml:31:13-33:52
38                android:name="androidx.emoji2.text.EmojiCompatInitializer"
38-->[androidx.emoji2:emoji2:1.0.0] AndroidManifest.xml:32:17-75
39                android:value="androidx.startup" />
39-->[androidx.emoji2:emoji2:1.0.0] AndroidManifest.xml:33:17-49
40            <meta-data
40-->[androidx.lifecycle:lifecycle-process:2.4.0] AndroidManifest.xml:31:13-33:52
41                android:name="androidx.lifecycle.ProcessLifecycleInitializer"
41-->[androidx.lifecycle:lifecycle-process:2.4.0] AndroidManifest.xml:32:17-78
42                android:value="androidx.startup" />
42-->[androidx.lifecycle:lifecycle-process:2.4.0] AndroidManifest.xml:33:17-49
43        </provider>
44    </application>
45
46</manifest>